<?xml version="1.0" encoding="UTF-8"?>
<!-- Generated by org.testng.reporters.JUnitReportReporter -->
<testsuite skipped="0" hostname="THSLT10075.local" name="com.basics.concept.TestHouse" tests="1" failures="0" timestamp="2021-03-14T15:15:39 IST" time="0.009" errors="0">
  <testcase name="learning" time="0.009" classname="com.basics.concept.TestHouse"/>
  <system-out/>
</testsuite> <!-- com.basics.concept.TestHouse -->
