<?xml version="1.0" encoding="UTF-8"?>
<!-- Generated by org.testng.reporters.JUnitReportReporter -->
<testsuite skipped="0" hostname="THSLT10075" name="com.basics.concept.Basics" tests="1" failures="0" timestamp="2021-07-28T12:14:54 IST" time="0.013" errors="0">
  <testcase name="learning" time="0.013" classname="com.basics.concept.Basics"/>
  <system-out/>
</testsuite> <!-- com.basics.concept.Basics -->
