<?xml version="1.0" encoding="UTF-8"?>
<!-- Generated by org.testng.reporters.JUnitReportReporter -->
<testsuite skipped="0" hostname="THSLT10075.local" name="com.basics.concept.TestData" tests="1" failures="0" timestamp="2021-01-25T13:37:37 IST" time="0.011" errors="0">
  <testcase name="migrationData" time="0.011" classname="com.basics.concept.TestData"/>
  <system-out/>
</testsuite> <!-- com.basics.concept.TestData -->
